2025-03-04T12:43:19.869+05:30  INFO 25556 --- [storyApp] [main] c.t.storyApp.StoryAppApplication         : Starting StoryAppApplication using Java 23 with PID 25556 (C:\Users\ShobigaChinnasamy\Downloads\storyApp\storyApp\target\classes started by ShobigaChinnasamy in C:\Users\ShobigaChinnasamy\Downloads\storyApp\storyApp)
2025-03-04T12:43:19.873+05:30  INFO 25556 --- [storyApp] [main] c.t.storyApp.StoryAppApplication         : No active profile set, falling back to 1 default profile: "default"
2025-03-04T12:43:21.807+05:30  INFO 25556 --- [storyApp] [main] .s.d.r.c.RepositoryConfigurationDelegate : Bootstrapping Spring Data MongoDB repositories in DEFAULT mode.
2025-03-04T12:43:21.897+05:30  INFO 25556 --- [storyApp] [main] .s.d.r.c.RepositoryConfigurationDelegate : Finished Spring Data repository scanning in 83 ms. Found 8 MongoDB repository interfaces.
2025-03-04T12:43:22.658+05:30  INFO 25556 --- [storyApp] [main] o.s.b.w.embedded.tomcat.TomcatWebServer  : Tomcat initialized with port 8080 (http)
2025-03-04T12:43:22.675+05:30  INFO 25556 --- [storyApp] [main] o.apache.catalina.core.StandardService   : Starting service [Tomcat]
2025-03-04T12:43:22.675+05:30  INFO 25556 --- [storyApp] [main] o.apache.catalina.core.StandardEngine    : Starting Servlet engine: [Apache Tomcat/10.1.36]
2025-03-04T12:43:22.749+05:30  INFO 25556 --- [storyApp] [main] o.a.c.c.C.[Tomcat].[localhost].[/]       : Initializing Spring embedded WebApplicationContext
2025-03-04T12:43:22.750+05:30  INFO 25556 --- [storyApp] [main] w.s.c.ServletWebServerApplicationContext : Root WebApplicationContext: initialization completed in 2795 ms
2025-03-04T12:43:23.021+05:30  INFO 25556 --- [storyApp] [main] org.mongodb.driver.client                : MongoClient with metadata {"driver": {"name": "mongo-java-driver|sync|spring-boot", "version": "5.2.1"}, "os": {"type": "Windows", "name": "Windows 11", "architecture": "amd64", "version": "10.0"}, "platform": "Java/Oracle Corporation/23+37-2369"} created with settings MongoClientSettings{readPreference=primary, writeConcern=WriteConcern{w=null, wTimeout=null ms, journal=null}, retryWrites=true, retryReads=true, readConcern=ReadConcern{level=null}, credential=null, transportSettings=null, commandListeners=[], codecRegistry=ProvidersCodecRegistry{codecProviders=[ValueCodecProvider{}, BsonValueCodecProvider{}, DBRefCodecProvider{}, DBObjectCodecProvider{}, DocumentCodecProvider{}, CollectionCodecProvider{}, IterableCodecProvider{}, MapCodecProvider{}, GeoJsonCodecProvider{}, GridFSFileCodecProvider{}, Jsr310CodecProvider{}, JsonObjectCodecProvider{}, BsonCodecProvider{}, EnumCodecProvider{}, com.mongodb.client.model.mql.ExpressionCodecProvider@1e3df614, com.mongodb.Jep395RecordCodecProvider@6579cdbb, com.mongodb.KotlinCodecProvider@fd413fb]}, loggerSettings=LoggerSettings{maxDocumentLength=1000}, clusterSettings={hosts=[localhost:27017], srvServiceName=mongodb, mode=SINGLE, requiredClusterType=UNKNOWN, requiredReplicaSetName='null', serverSelector='null', clusterListeners='[]', serverSelectionTimeout='30000 ms', localThreshold='15 ms'}, socketSettings=SocketSettings{connectTimeoutMS=10000, readTimeoutMS=0, receiveBufferSize=0, proxySettings=ProxySettings{host=null, port=null, username=null, password=null}}, heartbeatSocketSettings=SocketSettings{connectTimeoutMS=10000, readTimeoutMS=10000, receiveBufferSize=0, proxySettings=ProxySettings{host=null, port=null, username=null, password=null}}, connectionPoolSettings=ConnectionPoolSettings{maxSize=100, minSize=0, maxWaitTimeMS=120000, maxConnectionLifeTimeMS=0, maxConnectionIdleTimeMS=0, maintenanceInitialDelayMS=0, maintenanceFrequencyMS=60000, connectionPoolListeners=[], maxConnecting=2}, serverSettings=ServerSettings{heartbeatFrequencyMS=10000, minHeartbeatFrequencyMS=500, serverMonitoringMode=AUTO, serverListeners='[]', serverMonitorListeners='[]'}, sslSettings=SslSettings{enabled=false, invalidHostNameAllowed=false, context=null}, applicationName='null', compressorList=[], uuidRepresentation=JAVA_LEGACY, serverApi=null, autoEncryptionSettings=null, dnsClient=null, inetAddressResolver=null, contextProvider=null, timeoutMS=null}
2025-03-04T12:43:23.059+05:30  INFO 25556 --- [storyApp] [cluster-ClusterId{value='67c6a812e522c378203f0638', description='null'}-localhost:27017] org.mongodb.driver.cluster               : Monitor thread successfully connected to server with description ServerDescription{address=localhost:27017, type=STANDALONE, cryptd=false, state=CONNECTED, ok=true, minWireVersion=0, maxWireVersion=21, maxDocumentSize=16777216, logicalSessionTimeoutMinutes=30, roundTripTimeNanos=36018900, minRoundTripTimeNanos=0}
2025-03-04T12:43:24.031+05:30  INFO 25556 --- [storyApp] [main] eAuthenticationProviderManagerConfigurer : Global AuthenticationManager configured with AuthenticationProvider bean with name authenticationProvider
2025-03-04T12:43:24.032+05:30  WARN 25556 --- [storyApp] [main] r$InitializeUserDetailsManagerConfigurer : Global AuthenticationManager configured with an AuthenticationProvider bean. UserDetailsService beans will not be used by Spring Security for automatically configuring username/password login. Consider removing the AuthenticationProvider bean. Alternatively, consider using the UserDetailsService in a manually instantiated DaoAuthenticationProvider. If the current configuration is intentional, to turn off this warning, increase the logging level of 'org.springframework.security.config.annotation.authentication.configuration.InitializeUserDetailsBeanManagerConfigurer' to ERROR
2025-03-04T12:43:24.777+05:30 DEBUG 25556 --- [storyApp] [main] o.s.s.web.DefaultSecurityFilterChain     : Will secure any request with filters: DisableEncodeUrlFilter, WebAsyncManagerIntegrationFilter, SecurityContextHolderFilter, HeaderWriterFilter, CorsFilter, CorsFilter, LogoutFilter, AuthTokenFilter, RequestCacheAwareFilter, SecurityContextHolderAwareRequestFilter, AnonymousAuthenticationFilter, SessionManagementFilter, ExceptionTranslationFilter, AuthorizationFilter
2025-03-04T12:43:25.092+05:30  INFO 25556 --- [storyApp] [main] o.s.b.w.embedded.tomcat.TomcatWebServer  : Tomcat started on port 8080 (http) with context path '/'
2025-03-04T12:43:25.103+05:30  INFO 25556 --- [storyApp] [main] c.t.storyApp.StoryAppApplication         : Started StoryAppApplication in 5.817 seconds (process running for 7.087)
2025-03-04T12:43:32.072+05:30  INFO 25556 --- [storyApp] [http-nio-8080-exec-1] o.a.c.c.C.[Tomcat].[localhost].[/]       : Initializing Spring DispatcherServlet 'dispatcherServlet'
2025-03-04T12:43:32.072+05:30  INFO 25556 --- [storyApp] [http-nio-8080-exec-1] o.s.web.servlet.DispatcherServlet        : Initializing Servlet 'dispatcherServlet'
2025-03-04T12:43:32.074+05:30  INFO 25556 --- [storyApp] [http-nio-8080-exec-1] o.s.web.servlet.DispatcherServlet        : Completed initialization in 2 ms
2025-03-04T12:43:32.101+05:30 DEBUG 25556 --- [storyApp] [http-nio-8080-exec-1] o.s.security.web.FilterChainProxy        : Securing POST /api/auth/signin
2025-03-04T12:43:32.135+05:30 DEBUG 25556 --- [storyApp] [http-nio-8080-exec-1] o.s.s.w.a.AnonymousAuthenticationFilter  : Set SecurityContextHolder to anonymous SecurityContext
2025-03-04T12:43:32.137+05:30 DEBUG 25556 --- [storyApp] [http-nio-8080-exec-1] o.s.security.web.FilterChainProxy        : Secured POST /api/auth/signin
2025-03-04T12:43:32.598+05:30 DEBUG 25556 --- [storyApp] [http-nio-8080-exec-1] o.s.s.a.dao.DaoAuthenticationProvider    : Authenticated user
2025-03-04T12:43:32.657+05:30 DEBUG 25556 --- [storyApp] [http-nio-8080-exec-2] o.s.security.web.FilterChainProxy        : Securing OPTIONS /api/user/67beb4e228ae2425ecafebb2
2025-03-04T12:43:32.661+05:30 DEBUG 25556 --- [storyApp] [http-nio-8080-exec-3] o.s.security.web.FilterChainProxy        : Securing GET /api/user/67beb4e228ae2425ecafebb2
2025-03-04T12:43:32.692+05:30 DEBUG 25556 --- [storyApp] [http-nio-8080-exec-3] o.s.security.web.FilterChainProxy        : Secured GET /api/user/67beb4e228ae2425ecafebb2
2025-03-04T12:43:32.703+05:30 DEBUG 25556 --- [storyApp] [http-nio-8080-exec-3] horizationManagerBeforeMethodInterceptor : Authorizing method invocation ReflectiveMethodInvocation: public org.springframework.http.ResponseEntity com.trustrace.storyApp.controller.UserController.getUserById(java.lang.String); target is of class [com.trustrace.storyApp.controller.UserController]
2025-03-04T12:43:32.743+05:30 DEBUG 25556 --- [storyApp] [http-nio-8080-exec-3] horizationManagerBeforeMethodInterceptor : Authorized method invocation ReflectiveMethodInvocation: public org.springframework.http.ResponseEntity com.trustrace.storyApp.controller.UserController.getUserById(java.lang.String); target is of class [com.trustrace.storyApp.controller.UserController]
2025-03-04T12:43:32.743+05:30  INFO 25556 --- [storyApp] [http-nio-8080-exec-3] c.t.storyApp.controller.UserController   : Fetching user details with ID : 67beb4e228ae2425ecafebb2  
2025-03-04T12:43:33.745+05:30 DEBUG 25556 --- [storyApp] [http-nio-8080-exec-6] o.s.security.web.FilterChainProxy        : Securing GET /api/story/published/all
2025-03-04T12:43:33.746+05:30 DEBUG 25556 --- [storyApp] [http-nio-8080-exec-4] o.s.security.web.FilterChainProxy        : Securing GET /api/user/67beb4e228ae2425ecafebb2
2025-03-04T12:43:33.770+05:30 DEBUG 25556 --- [storyApp] [http-nio-8080-exec-6] o.s.security.web.FilterChainProxy        : Secured GET /api/story/published/all
2025-03-04T12:43:33.772+05:30 DEBUG 25556 --- [storyApp] [http-nio-8080-exec-4] o.s.security.web.FilterChainProxy        : Secured GET /api/user/67beb4e228ae2425ecafebb2
2025-03-04T12:43:33.772+05:30 DEBUG 25556 --- [storyApp] [http-nio-8080-exec-6] horizationManagerBeforeMethodInterceptor : Authorizing method invocation ReflectiveMethodInvocation: public java.util.List com.trustrace.storyApp.controller.StoryController.getAllPublishedStories(); target is of class [com.trustrace.storyApp.controller.StoryController]
2025-03-04T12:43:33.773+05:30 DEBUG 25556 --- [storyApp] [http-nio-8080-exec-6] horizationManagerBeforeMethodInterceptor : Authorized method invocation ReflectiveMethodInvocation: public java.util.List com.trustrace.storyApp.controller.StoryController.getAllPublishedStories(); target is of class [com.trustrace.storyApp.controller.StoryController]
2025-03-04T12:43:33.774+05:30 DEBUG 25556 --- [storyApp] [http-nio-8080-exec-4] horizationManagerBeforeMethodInterceptor : Authorizing method invocation ReflectiveMethodInvocation: public org.springframework.http.ResponseEntity com.trustrace.storyApp.controller.UserController.getUserById(java.lang.String); target is of class [com.trustrace.storyApp.controller.UserController]
2025-03-04T12:43:33.774+05:30 DEBUG 25556 --- [storyApp] [http-nio-8080-exec-4] horizationManagerBeforeMethodInterceptor : Authorized method invocation ReflectiveMethodInvocation: public org.springframework.http.ResponseEntity com.trustrace.storyApp.controller.UserController.getUserById(java.lang.String); target is of class [com.trustrace.storyApp.controller.UserController]
2025-03-04T12:43:33.774+05:30  INFO 25556 --- [storyApp] [http-nio-8080-exec-4] c.t.storyApp.controller.UserController   : Fetching user details with ID : 67beb4e228ae2425ecafebb2  
2025-03-04T12:43:33.791+05:30 DEBUG 25556 --- [storyApp] [http-nio-8080-exec-5] o.s.security.web.FilterChainProxy        : Securing GET /api/admin/subscription/amount
2025-03-04T12:43:33.805+05:30 DEBUG 25556 --- [storyApp] [http-nio-8080-exec-5] o.s.security.web.FilterChainProxy        : Secured GET /api/admin/subscription/amount
2025-03-04T12:45:27.736+05:30 DEBUG 25556 --- [storyApp] [http-nio-8080-exec-9] o.s.security.web.FilterChainProxy        : Securing POST /api/auth/signin
2025-03-04T12:45:27.737+05:30 DEBUG 25556 --- [storyApp] [http-nio-8080-exec-9] o.s.s.w.a.AnonymousAuthenticationFilter  : Set SecurityContextHolder to anonymous SecurityContext
2025-03-04T12:45:27.737+05:30 DEBUG 25556 --- [storyApp] [http-nio-8080-exec-9] o.s.security.web.FilterChainProxy        : Secured POST /api/auth/signin
2025-03-04T12:45:27.905+05:30 DEBUG 25556 --- [storyApp] [http-nio-8080-exec-9] o.s.s.a.dao.DaoAuthenticationProvider    : Authenticated user
2025-03-04T12:45:27.915+05:30 DEBUG 25556 --- [storyApp] [http-nio-8080-exec-10] o.s.security.web.FilterChainProxy        : Securing GET /api/user/67beb4e228ae2425ecafebb2
2025-03-04T12:45:27.931+05:30 DEBUG 25556 --- [storyApp] [http-nio-8080-exec-10] o.s.security.web.FilterChainProxy        : Secured GET /api/user/67beb4e228ae2425ecafebb2
2025-03-04T12:45:27.932+05:30 DEBUG 25556 --- [storyApp] [http-nio-8080-exec-10] horizationManagerBeforeMethodInterceptor : Authorizing method invocation ReflectiveMethodInvocation: public org.springframework.http.ResponseEntity com.trustrace.storyApp.controller.UserController.getUserById(java.lang.String); target is of class [com.trustrace.storyApp.controller.UserController]
2025-03-04T12:45:27.933+05:30 DEBUG 25556 --- [storyApp] [http-nio-8080-exec-10] horizationManagerBeforeMethodInterceptor : Authorized method invocation ReflectiveMethodInvocation: public org.springframework.http.ResponseEntity com.trustrace.storyApp.controller.UserController.getUserById(java.lang.String); target is of class [com.trustrace.storyApp.controller.UserController]
2025-03-04T12:45:27.933+05:30  INFO 25556 --- [storyApp] [http-nio-8080-exec-10] c.t.storyApp.controller.UserController   : Fetching user details with ID : 67beb4e228ae2425ecafebb2  
2025-03-04T12:45:28.701+05:30 DEBUG 25556 --- [storyApp] [http-nio-8080-exec-1] o.s.security.web.FilterChainProxy        : Securing GET /api/user/67beb4e228ae2425ecafebb2
2025-03-04T12:45:28.702+05:30 DEBUG 25556 --- [storyApp] [http-nio-8080-exec-2] o.s.security.web.FilterChainProxy        : Securing GET /api/story/published/all
2025-03-04T12:45:28.723+05:30 DEBUG 25556 --- [storyApp] [http-nio-8080-exec-2] o.s.security.web.FilterChainProxy        : Secured GET /api/story/published/all
2025-03-04T12:45:28.723+05:30 DEBUG 25556 --- [storyApp] [http-nio-8080-exec-1] o.s.security.web.FilterChainProxy        : Secured GET /api/user/67beb4e228ae2425ecafebb2
2025-03-04T12:45:28.724+05:30 DEBUG 25556 --- [storyApp] [http-nio-8080-exec-2] horizationManagerBeforeMethodInterceptor : Authorizing method invocation ReflectiveMethodInvocation: public java.util.List com.trustrace.storyApp.controller.StoryController.getAllPublishedStories(); target is of class [com.trustrace.storyApp.controller.StoryController]
2025-03-04T12:45:28.724+05:30 DEBUG 25556 --- [storyApp] [http-nio-8080-exec-2] horizationManagerBeforeMethodInterceptor : Authorized method invocation ReflectiveMethodInvocation: public java.util.List com.trustrace.storyApp.controller.StoryController.getAllPublishedStories(); target is of class [com.trustrace.storyApp.controller.StoryController]
2025-03-04T12:45:28.724+05:30 DEBUG 25556 --- [storyApp] [http-nio-8080-exec-1] horizationManagerBeforeMethodInterceptor : Authorizing method invocation ReflectiveMethodInvocation: public org.springframework.http.ResponseEntity com.trustrace.storyApp.controller.UserController.getUserById(java.lang.String); target is of class [com.trustrace.storyApp.controller.UserController]
2025-03-04T12:45:28.725+05:30 DEBUG 25556 --- [storyApp] [http-nio-8080-exec-1] horizationManagerBeforeMethodInterceptor : Authorized method invocation ReflectiveMethodInvocation: public org.springframework.http.ResponseEntity com.trustrace.storyApp.controller.UserController.getUserById(java.lang.String); target is of class [com.trustrace.storyApp.controller.UserController]
2025-03-04T12:45:28.725+05:30  INFO 25556 --- [storyApp] [http-nio-8080-exec-1] c.t.storyApp.controller.UserController   : Fetching user details with ID : 67beb4e228ae2425ecafebb2  
2025-03-04T12:45:28.740+05:30 DEBUG 25556 --- [storyApp] [http-nio-8080-exec-3] o.s.security.web.FilterChainProxy        : Securing GET /api/admin/subscription/amount
2025-03-04T12:45:28.758+05:30 DEBUG 25556 --- [storyApp] [http-nio-8080-exec-3] o.s.security.web.FilterChainProxy        : Secured GET /api/admin/subscription/amount
2025-03-04T12:45:51.032+05:30  INFO 25556 --- [storyApp] [SpringApplicationShutdownHook] o.s.b.w.e.tomcat.GracefulShutdown        : Commencing graceful shutdown. Waiting for active requests to complete
2025-03-04T12:45:51.052+05:30  INFO 25556 --- [storyApp] [tomcat-shutdown] o.s.b.w.e.tomcat.GracefulShutdown        : Graceful shutdown complete
2025-03-04T12:45:53.224+05:30  INFO 14196 --- [storyApp] [main] c.t.storyApp.StoryAppApplication         : Starting StoryAppApplication using Java 23 with PID 14196 (C:\Users\ShobigaChinnasamy\Downloads\storyApp\storyApp\target\classes started by ShobigaChinnasamy in C:\Users\ShobigaChinnasamy\Downloads\storyApp\storyApp)
2025-03-04T12:45:53.228+05:30  INFO 14196 --- [storyApp] [main] c.t.storyApp.StoryAppApplication         : No active profile set, falling back to 1 default profile: "default"
2025-03-04T12:45:54.373+05:30  INFO 14196 --- [storyApp] [main] .s.d.r.c.RepositoryConfigurationDelegate : Bootstrapping Spring Data MongoDB repositories in DEFAULT mode.
2025-03-04T12:45:54.463+05:30  INFO 14196 --- [storyApp] [main] .s.d.r.c.RepositoryConfigurationDelegate : Finished Spring Data repository scanning in 81 ms. Found 8 MongoDB repository interfaces.
2025-03-04T12:45:55.117+05:30  INFO 14196 --- [storyApp] [main] o.s.b.w.embedded.tomcat.TomcatWebServer  : Tomcat initialized with port 8080 (http)
2025-03-04T12:45:55.130+05:30  INFO 14196 --- [storyApp] [main] o.apache.catalina.core.StandardService   : Starting service [Tomcat]
2025-03-04T12:45:55.130+05:30  INFO 14196 --- [storyApp] [main] o.apache.catalina.core.StandardEngine    : Starting Servlet engine: [Apache Tomcat/10.1.36]
2025-03-04T12:45:55.203+05:30  INFO 14196 --- [storyApp] [main] o.a.c.c.C.[Tomcat].[localhost].[/]       : Initializing Spring embedded WebApplicationContext
2025-03-04T12:45:55.203+05:30  INFO 14196 --- [storyApp] [main] w.s.c.ServletWebServerApplicationContext : Root WebApplicationContext: initialization completed in 1894 ms
2025-03-04T12:45:55.445+05:30  INFO 14196 --- [storyApp] [main] org.mongodb.driver.client                : MongoClient with metadata {"driver": {"name": "mongo-java-driver|sync|spring-boot", "version": "5.2.1"}, "os": {"type": "Windows", "name": "Windows 11", "architecture": "amd64", "version": "10.0"}, "platform": "Java/Oracle Corporation/23+37-2369"} created with settings MongoClientSettings{readPreference=primary, writeConcern=WriteConcern{w=null, wTimeout=null ms, journal=null}, retryWrites=true, retryReads=true, readConcern=ReadConcern{level=null}, credential=null, transportSettings=null, commandListeners=[], codecRegistry=ProvidersCodecRegistry{codecProviders=[ValueCodecProvider{}, BsonValueCodecProvider{}, DBRefCodecProvider{}, DBObjectCodecProvider{}, DocumentCodecProvider{}, CollectionCodecProvider{}, IterableCodecProvider{}, MapCodecProvider{}, GeoJsonCodecProvider{}, GridFSFileCodecProvider{}, Jsr310CodecProvider{}, JsonObjectCodecProvider{}, BsonCodecProvider{}, EnumCodecProvider{}, com.mongodb.client.model.mql.ExpressionCodecProvider@fd413fb, com.mongodb.Jep395RecordCodecProvider@1e1232cf, com.mongodb.KotlinCodecProvider@6f6efa4f]}, loggerSettings=LoggerSettings{maxDocumentLength=1000}, clusterSettings={hosts=[localhost:27017], srvServiceName=mongodb, mode=SINGLE, requiredClusterType=UNKNOWN, requiredReplicaSetName='null', serverSelector='null', clusterListeners='[]', serverSelectionTimeout='30000 ms', localThreshold='15 ms'}, socketSettings=SocketSettings{connectTimeoutMS=10000, readTimeoutMS=0, receiveBufferSize=0, proxySettings=ProxySettings{host=null, port=null, username=null, password=null}}, heartbeatSocketSettings=SocketSettings{connectTimeoutMS=10000, readTimeoutMS=10000, receiveBufferSize=0, proxySettings=ProxySettings{host=null, port=null, username=null, password=null}}, connectionPoolSettings=ConnectionPoolSettings{maxSize=100, minSize=0, maxWaitTimeMS=120000, maxConnectionLifeTimeMS=0, maxConnectionIdleTimeMS=0, maintenanceInitialDelayMS=0, maintenanceFrequencyMS=60000, connectionPoolListeners=[], maxConnecting=2}, serverSettings=ServerSettings{heartbeatFrequencyMS=10000, minHeartbeatFrequencyMS=500, serverMonitoringMode=AUTO, serverListeners='[]', serverMonitorListeners='[]'}, sslSettings=SslSettings{enabled=false, invalidHostNameAllowed=false, context=null}, applicationName='null', compressorList=[], uuidRepresentation=JAVA_LEGACY, serverApi=null, autoEncryptionSettings=null, dnsClient=null, inetAddressResolver=null, contextProvider=null, timeoutMS=null}
2025-03-04T12:45:55.493+05:30  INFO 14196 --- [storyApp] [cluster-ClusterId{value='67c6a8aba011453ccd051e27', description='null'}-localhost:27017] org.mongodb.driver.cluster               : Monitor thread successfully connected to server with description ServerDescription{address=localhost:27017, type=STANDALONE, cryptd=false, state=CONNECTED, ok=true, minWireVersion=0, maxWireVersion=21, maxDocumentSize=16777216, logicalSessionTimeoutMinutes=30, roundTripTimeNanos=41512000, minRoundTripTimeNanos=0}
2025-03-04T12:45:56.165+05:30  INFO 14196 --- [storyApp] [main] eAuthenticationProviderManagerConfigurer : Global AuthenticationManager configured with AuthenticationProvider bean with name authenticationProvider
2025-03-04T12:45:56.166+05:30  WARN 14196 --- [storyApp] [main] r$InitializeUserDetailsManagerConfigurer : Global AuthenticationManager configured with an AuthenticationProvider bean. UserDetailsService beans will not be used by Spring Security for automatically configuring username/password login. Consider removing the AuthenticationProvider bean. Alternatively, consider using the UserDetailsService in a manually instantiated DaoAuthenticationProvider. If the current configuration is intentional, to turn off this warning, increase the logging level of 'org.springframework.security.config.annotation.authentication.configuration.InitializeUserDetailsBeanManagerConfigurer' to ERROR
2025-03-04T12:45:56.824+05:30 DEBUG 14196 --- [storyApp] [main] o.s.s.web.DefaultSecurityFilterChain     : Will secure any request with filters: DisableEncodeUrlFilter, WebAsyncManagerIntegrationFilter, SecurityContextHolderFilter, HeaderWriterFilter, CorsFilter, CorsFilter, LogoutFilter, AuthTokenFilter, RequestCacheAwareFilter, SecurityContextHolderAwareRequestFilter, AnonymousAuthenticationFilter, SessionManagementFilter, ExceptionTranslationFilter, AuthorizationFilter
2025-03-04T12:45:57.081+05:30  INFO 14196 --- [storyApp] [main] o.s.b.w.embedded.tomcat.TomcatWebServer  : Tomcat started on port 8080 (http) with context path '/'
2025-03-04T12:45:57.089+05:30  INFO 14196 --- [storyApp] [main] c.t.storyApp.StoryAppApplication         : Started StoryAppApplication in 4.421 seconds (process running for 4.917)
2025-03-04T12:46:06.779+05:30  INFO 14196 --- [storyApp] [http-nio-8080-exec-1] o.a.c.c.C.[Tomcat].[localhost].[/]       : Initializing Spring DispatcherServlet 'dispatcherServlet'
2025-03-04T12:46:06.780+05:30  INFO 14196 --- [storyApp] [http-nio-8080-exec-1] o.s.web.servlet.DispatcherServlet        : Initializing Servlet 'dispatcherServlet'
2025-03-04T12:46:06.782+05:30  INFO 14196 --- [storyApp] [http-nio-8080-exec-1] o.s.web.servlet.DispatcherServlet        : Completed initialization in 1 ms
2025-03-04T12:46:06.818+05:30 DEBUG 14196 --- [storyApp] [http-nio-8080-exec-1] o.s.security.web.FilterChainProxy        : Securing POST /api/auth/signin
2025-03-04T12:46:06.858+05:30 DEBUG 14196 --- [storyApp] [http-nio-8080-exec-1] o.s.s.w.a.AnonymousAuthenticationFilter  : Set SecurityContextHolder to anonymous SecurityContext
2025-03-04T12:46:06.862+05:30 DEBUG 14196 --- [storyApp] [http-nio-8080-exec-1] o.s.security.web.FilterChainProxy        : Secured POST /api/auth/signin
2025-03-04T12:46:07.685+05:30 DEBUG 14196 --- [storyApp] [http-nio-8080-exec-1] o.s.s.a.dao.DaoAuthenticationProvider    : Authenticated user
2025-03-04T12:46:07.777+05:30 DEBUG 14196 --- [storyApp] [http-nio-8080-exec-2] o.s.security.web.FilterChainProxy        : Securing GET /api/user/67beb4e228ae2425ecafebb2
2025-03-04T12:46:07.810+05:30 DEBUG 14196 --- [storyApp] [http-nio-8080-exec-2] o.s.security.web.FilterChainProxy        : Secured GET /api/user/67beb4e228ae2425ecafebb2
2025-03-04T12:46:07.824+05:30 DEBUG 14196 --- [storyApp] [http-nio-8080-exec-2] horizationManagerBeforeMethodInterceptor : Authorizing method invocation ReflectiveMethodInvocation: public org.springframework.http.ResponseEntity com.trustrace.storyApp.controller.UserController.getUserById(java.lang.String); target is of class [com.trustrace.storyApp.controller.UserController]
2025-03-04T12:46:07.874+05:30 DEBUG 14196 --- [storyApp] [http-nio-8080-exec-2] horizationManagerBeforeMethodInterceptor : Authorized method invocation ReflectiveMethodInvocation: public org.springframework.http.ResponseEntity com.trustrace.storyApp.controller.UserController.getUserById(java.lang.String); target is of class [com.trustrace.storyApp.controller.UserController]
2025-03-04T12:46:07.875+05:30  INFO 14196 --- [storyApp] [http-nio-8080-exec-2] c.t.storyApp.controller.UserController   : Fetching user details with ID : 67beb4e228ae2425ecafebb2  
2025-03-04T12:46:08.829+05:30 DEBUG 14196 --- [storyApp] [http-nio-8080-exec-3] o.s.security.web.FilterChainProxy        : Securing GET /api/user/67beb4e228ae2425ecafebb2
2025-03-04T12:46:08.835+05:30 DEBUG 14196 --- [storyApp] [http-nio-8080-exec-6] o.s.security.web.FilterChainProxy        : Securing GET /api/story/published/all
2025-03-04T12:46:08.855+05:30 DEBUG 14196 --- [storyApp] [http-nio-8080-exec-3] o.s.security.web.FilterChainProxy        : Secured GET /api/user/67beb4e228ae2425ecafebb2
2025-03-04T12:46:08.856+05:30 DEBUG 14196 --- [storyApp] [http-nio-8080-exec-3] horizationManagerBeforeMethodInterceptor : Authorizing method invocation ReflectiveMethodInvocation: public org.springframework.http.ResponseEntity com.trustrace.storyApp.controller.UserController.getUserById(java.lang.String); target is of class [com.trustrace.storyApp.controller.UserController]
2025-03-04T12:46:08.857+05:30 DEBUG 14196 --- [storyApp] [http-nio-8080-exec-3] horizationManagerBeforeMethodInterceptor : Authorized method invocation ReflectiveMethodInvocation: public org.springframework.http.ResponseEntity com.trustrace.storyApp.controller.UserController.getUserById(java.lang.String); target is of class [com.trustrace.storyApp.controller.UserController]
2025-03-04T12:46:08.857+05:30  INFO 14196 --- [storyApp] [http-nio-8080-exec-3] c.t.storyApp.controller.UserController   : Fetching user details with ID : 67beb4e228ae2425ecafebb2  
2025-03-04T12:46:08.862+05:30 DEBUG 14196 --- [storyApp] [http-nio-8080-exec-6] o.s.security.web.FilterChainProxy        : Secured GET /api/story/published/all
2025-03-04T12:46:08.864+05:30 DEBUG 14196 --- [storyApp] [http-nio-8080-exec-6] horizationManagerBeforeMethodInterceptor : Authorizing method invocation ReflectiveMethodInvocation: public java.util.List com.trustrace.storyApp.controller.StoryController.getAllPublishedStories(); target is of class [com.trustrace.storyApp.controller.StoryController]
2025-03-04T12:46:08.867+05:30 DEBUG 14196 --- [storyApp] [http-nio-8080-exec-6] horizationManagerBeforeMethodInterceptor : Authorized method invocation ReflectiveMethodInvocation: public java.util.List com.trustrace.storyApp.controller.StoryController.getAllPublishedStories(); target is of class [com.trustrace.storyApp.controller.StoryController]
2025-03-04T12:46:08.874+05:30 DEBUG 14196 --- [storyApp] [http-nio-8080-exec-5] o.s.security.web.FilterChainProxy        : Securing GET /api/admin/subscription/amount
2025-03-04T12:46:08.887+05:30 DEBUG 14196 --- [storyApp] [http-nio-8080-exec-5] o.s.security.web.FilterChainProxy        : Secured GET /api/admin/subscription/amount
2025-03-04T12:47:18.740+05:30  INFO 14196 --- [storyApp] [SpringApplicationShutdownHook] o.s.b.w.e.tomcat.GracefulShutdown        : Commencing graceful shutdown. Waiting for active requests to complete
2025-03-04T12:47:18.757+05:30  INFO 14196 --- [storyApp] [tomcat-shutdown] o.s.b.w.e.tomcat.GracefulShutdown        : Graceful shutdown complete
