2025-03-04T12:47:21.145+05:30  INFO 22668 --- [storyApp] [main] c.t.storyApp.StoryAppApplication         : Starting StoryAppApplication using Java 23 with PID 22668 (C:\Users\ShobigaChinnasamy\Downloads\storyApp\storyApp\target\classes started by ShobigaChinnasamy in C:\Users\ShobigaChinnasamy\Downloads\storyApp\storyApp)
2025-03-04T12:47:21.149+05:30  INFO 22668 --- [storyApp] [main] c.t.storyApp.StoryAppApplication         : No active profile set, falling back to 1 default profile: "default"
2025-03-04T12:47:22.241+05:30  INFO 22668 --- [storyApp] [main] .s.d.r.c.RepositoryConfigurationDelegate : Bootstrapping Spring Data MongoDB repositories in DEFAULT mode.
2025-03-04T12:47:22.319+05:30  INFO 22668 --- [storyApp] [main] .s.d.r.c.RepositoryConfigurationDelegate : Finished Spring Data repository scanning in 73 ms. Found 8 MongoDB repository interfaces.
2025-03-04T12:47:22.985+05:30  INFO 22668 --- [storyApp] [main] o.s.b.w.embedded.tomcat.TomcatWebServer  : Tomcat initialized with port 8080 (http)
2025-03-04T12:47:23.004+05:30  INFO 22668 --- [storyApp] [main] o.apache.catalina.core.StandardService   : Starting service [Tomcat]
2025-03-04T12:47:23.004+05:30  INFO 22668 --- [storyApp] [main] o.apache.catalina.core.StandardEngine    : Starting Servlet engine: [Apache Tomcat/10.1.36]
2025-03-04T12:47:23.067+05:30  INFO 22668 --- [storyApp] [main] o.a.c.c.C.[Tomcat].[localhost].[/]       : Initializing Spring embedded WebApplicationContext
2025-03-04T12:47:23.068+05:30  INFO 22668 --- [storyApp] [main] w.s.c.ServletWebServerApplicationContext : Root WebApplicationContext: initialization completed in 1830 ms
2025-03-04T12:47:23.296+05:30  INFO 22668 --- [storyApp] [main] org.mongodb.driver.client                : MongoClient with metadata {"driver": {"name": "mongo-java-driver|sync|spring-boot", "version": "5.2.1"}, "os": {"type": "Windows", "name": "Windows 11", "architecture": "amd64", "version": "10.0"}, "platform": "Java/Oracle Corporation/23+37-2369"} created with settings MongoClientSettings{readPreference=primary, writeConcern=WriteConcern{w=null, wTimeout=null ms, journal=null}, retryWrites=true, retryReads=true, readConcern=ReadConcern{level=null}, credential=null, transportSettings=null, commandListeners=[], codecRegistry=ProvidersCodecRegistry{codecProviders=[ValueCodecProvider{}, BsonValueCodecProvider{}, DBRefCodecProvider{}, DBObjectCodecProvider{}, DocumentCodecProvider{}, CollectionCodecProvider{}, IterableCodecProvider{}, MapCodecProvider{}, GeoJsonCodecProvider{}, GridFSFileCodecProvider{}, Jsr310CodecProvider{}, JsonObjectCodecProvider{}, BsonCodecProvider{}, EnumCodecProvider{}, com.mongodb.client.model.mql.ExpressionCodecProvider@78307a56, com.mongodb.Jep395RecordCodecProvider@40d52be7, com.mongodb.KotlinCodecProvider@23ad71bf]}, loggerSettings=LoggerSettings{maxDocumentLength=1000}, clusterSettings={hosts=[localhost:27017], srvServiceName=mongodb, mode=SINGLE, requiredClusterType=UNKNOWN, requiredReplicaSetName='null', serverSelector='null', clusterListeners='[]', serverSelectionTimeout='30000 ms', localThreshold='15 ms'}, socketSettings=SocketSettings{connectTimeoutMS=10000, readTimeoutMS=0, receiveBufferSize=0, proxySettings=ProxySettings{host=null, port=null, username=null, password=null}}, heartbeatSocketSettings=SocketSettings{connectTimeoutMS=10000, readTimeoutMS=10000, receiveBufferSize=0, proxySettings=ProxySettings{host=null, port=null, username=null, password=null}}, connectionPoolSettings=ConnectionPoolSettings{maxSize=100, minSize=0, maxWaitTimeMS=120000, maxConnectionLifeTimeMS=0, maxConnectionIdleTimeMS=0, maintenanceInitialDelayMS=0, maintenanceFrequencyMS=60000, connectionPoolListeners=[], maxConnecting=2}, serverSettings=ServerSettings{heartbeatFrequencyMS=10000, minHeartbeatFrequencyMS=500, serverMonitoringMode=AUTO, serverListeners='[]', serverMonitorListeners='[]'}, sslSettings=SslSettings{enabled=false, invalidHostNameAllowed=false, context=null}, applicationName='null', compressorList=[], uuidRepresentation=JAVA_LEGACY, serverApi=null, autoEncryptionSettings=null, dnsClient=null, inetAddressResolver=null, contextProvider=null, timeoutMS=null}
2025-03-04T12:47:23.331+05:30  INFO 22668 --- [storyApp] [cluster-ClusterId{value='67c6a903224bbe2c8f798d2d', description='null'}-localhost:27017] org.mongodb.driver.cluster               : Monitor thread successfully connected to server with description ServerDescription{address=localhost:27017, type=STANDALONE, cryptd=false, state=CONNECTED, ok=true, minWireVersion=0, maxWireVersion=21, maxDocumentSize=16777216, logicalSessionTimeoutMinutes=30, roundTripTimeNanos=27809600, minRoundTripTimeNanos=0}
2025-03-04T12:47:23.949+05:30  INFO 22668 --- [storyApp] [main] eAuthenticationProviderManagerConfigurer : Global AuthenticationManager configured with AuthenticationProvider bean with name authenticationProvider
2025-03-04T12:47:23.950+05:30  WARN 22668 --- [storyApp] [main] r$InitializeUserDetailsManagerConfigurer : Global AuthenticationManager configured with an AuthenticationProvider bean. UserDetailsService beans will not be used by Spring Security for automatically configuring username/password login. Consider removing the AuthenticationProvider bean. Alternatively, consider using the UserDetailsService in a manually instantiated DaoAuthenticationProvider. If the current configuration is intentional, to turn off this warning, increase the logging level of 'org.springframework.security.config.annotation.authentication.configuration.InitializeUserDetailsBeanManagerConfigurer' to ERROR
2025-03-04T12:47:24.636+05:30 DEBUG 22668 --- [storyApp] [main] o.s.s.web.DefaultSecurityFilterChain     : Will secure any request with filters: DisableEncodeUrlFilter, WebAsyncManagerIntegrationFilter, SecurityContextHolderFilter, HeaderWriterFilter, CorsFilter, CorsFilter, LogoutFilter, AuthTokenFilter, RequestCacheAwareFilter, SecurityContextHolderAwareRequestFilter, AnonymousAuthenticationFilter, SessionManagementFilter, ExceptionTranslationFilter, AuthorizationFilter
2025-03-04T12:47:24.923+05:30  INFO 22668 --- [storyApp] [main] o.s.b.w.embedded.tomcat.TomcatWebServer  : Tomcat started on port 8080 (http) with context path '/'
2025-03-04T12:47:24.931+05:30  INFO 22668 --- [storyApp] [main] c.t.storyApp.StoryAppApplication         : Started StoryAppApplication in 4.444 seconds (process running for 4.904)
2025-03-04T12:47:38.777+05:30  INFO 22668 --- [storyApp] [http-nio-8080-exec-1] o.a.c.c.C.[Tomcat].[localhost].[/]       : Initializing Spring DispatcherServlet 'dispatcherServlet'
2025-03-04T12:47:38.778+05:30  INFO 22668 --- [storyApp] [http-nio-8080-exec-1] o.s.web.servlet.DispatcherServlet        : Initializing Servlet 'dispatcherServlet'
2025-03-04T12:47:38.783+05:30  INFO 22668 --- [storyApp] [http-nio-8080-exec-1] o.s.web.servlet.DispatcherServlet        : Completed initialization in 4 ms
2025-03-04T12:47:38.809+05:30 DEBUG 22668 --- [storyApp] [http-nio-8080-exec-1] o.s.security.web.FilterChainProxy        : Securing POST /api/auth/signin
2025-03-04T12:47:38.853+05:30 DEBUG 22668 --- [storyApp] [http-nio-8080-exec-1] o.s.s.w.a.AnonymousAuthenticationFilter  : Set SecurityContextHolder to anonymous SecurityContext
2025-03-04T12:47:38.855+05:30 DEBUG 22668 --- [storyApp] [http-nio-8080-exec-1] o.s.security.web.FilterChainProxy        : Secured POST /api/auth/signin
2025-03-04T12:47:39.563+05:30 DEBUG 22668 --- [storyApp] [http-nio-8080-exec-1] o.s.s.a.dao.DaoAuthenticationProvider    : Authenticated user
2025-03-04T12:47:39.702+05:30 DEBUG 22668 --- [storyApp] [http-nio-8080-exec-2] o.s.security.web.FilterChainProxy        : Securing GET /api/user/67beb4e228ae2425ecafebb2
2025-03-04T12:47:39.765+05:30 DEBUG 22668 --- [storyApp] [http-nio-8080-exec-2] o.s.security.web.FilterChainProxy        : Secured GET /api/user/67beb4e228ae2425ecafebb2
2025-03-04T12:47:39.788+05:30 DEBUG 22668 --- [storyApp] [http-nio-8080-exec-2] horizationManagerBeforeMethodInterceptor : Authorizing method invocation ReflectiveMethodInvocation: public org.springframework.http.ResponseEntity com.trustrace.storyApp.controller.UserController.getUserById(java.lang.String); target is of class [com.trustrace.storyApp.controller.UserController]
2025-03-04T12:47:39.869+05:30 DEBUG 22668 --- [storyApp] [http-nio-8080-exec-2] horizationManagerBeforeMethodInterceptor : Authorized method invocation ReflectiveMethodInvocation: public org.springframework.http.ResponseEntity com.trustrace.storyApp.controller.UserController.getUserById(java.lang.String); target is of class [com.trustrace.storyApp.controller.UserController]
2025-03-04T12:47:39.869+05:30  INFO 22668 --- [storyApp] [http-nio-8080-exec-2] c.t.storyApp.controller.UserController   : Fetching user details with ID : 67beb4e228ae2425ecafebb2  
2025-03-04T12:47:40.838+05:30 DEBUG 22668 --- [storyApp] [http-nio-8080-exec-3] o.s.security.web.FilterChainProxy        : Securing GET /api/user/67beb4e228ae2425ecafebb2
2025-03-04T12:47:40.840+05:30 DEBUG 22668 --- [storyApp] [http-nio-8080-exec-4] o.s.security.web.FilterChainProxy        : Securing GET /api/story/published/all
2025-03-04T12:47:40.854+05:30 DEBUG 22668 --- [storyApp] [http-nio-8080-exec-3] o.s.security.web.FilterChainProxy        : Secured GET /api/user/67beb4e228ae2425ecafebb2
2025-03-04T12:47:40.856+05:30 DEBUG 22668 --- [storyApp] [http-nio-8080-exec-3] horizationManagerBeforeMethodInterceptor : Authorizing method invocation ReflectiveMethodInvocation: public org.springframework.http.ResponseEntity com.trustrace.storyApp.controller.UserController.getUserById(java.lang.String); target is of class [com.trustrace.storyApp.controller.UserController]
2025-03-04T12:47:40.856+05:30 DEBUG 22668 --- [storyApp] [http-nio-8080-exec-3] horizationManagerBeforeMethodInterceptor : Authorized method invocation ReflectiveMethodInvocation: public org.springframework.http.ResponseEntity com.trustrace.storyApp.controller.UserController.getUserById(java.lang.String); target is of class [com.trustrace.storyApp.controller.UserController]
2025-03-04T12:47:40.857+05:30  INFO 22668 --- [storyApp] [http-nio-8080-exec-3] c.t.storyApp.controller.UserController   : Fetching user details with ID : 67beb4e228ae2425ecafebb2  
2025-03-04T12:47:40.858+05:30 DEBUG 22668 --- [storyApp] [http-nio-8080-exec-4] o.s.security.web.FilterChainProxy        : Secured GET /api/story/published/all
2025-03-04T12:47:40.860+05:30 DEBUG 22668 --- [storyApp] [http-nio-8080-exec-4] horizationManagerBeforeMethodInterceptor : Authorizing method invocation ReflectiveMethodInvocation: public java.util.List com.trustrace.storyApp.controller.StoryController.getAllPublishedStories(); target is of class [com.trustrace.storyApp.controller.StoryController]
2025-03-04T12:47:40.861+05:30 DEBUG 22668 --- [storyApp] [http-nio-8080-exec-4] horizationManagerBeforeMethodInterceptor : Authorized method invocation ReflectiveMethodInvocation: public java.util.List com.trustrace.storyApp.controller.StoryController.getAllPublishedStories(); target is of class [com.trustrace.storyApp.controller.StoryController]
2025-03-04T12:47:40.872+05:30 DEBUG 22668 --- [storyApp] [http-nio-8080-exec-5] o.s.security.web.FilterChainProxy        : Securing GET /api/admin/subscription/amount
2025-03-04T12:47:40.886+05:30 DEBUG 22668 --- [storyApp] [http-nio-8080-exec-5] o.s.security.web.FilterChainProxy        : Secured GET /api/admin/subscription/amount
2025-03-04T13:34:12.953+05:30 DEBUG 22668 --- [storyApp] [http-nio-8080-exec-8] o.s.security.web.FilterChainProxy        : Securing OPTIONS /api/user/67beb4e228ae2425ecafebb2
2025-03-04T13:34:12.953+05:30 DEBUG 22668 --- [storyApp] [http-nio-8080-exec-9] o.s.security.web.FilterChainProxy        : Securing OPTIONS /api/story/published/all
2025-03-04T13:34:12.960+05:30 DEBUG 22668 --- [storyApp] [http-nio-8080-exec-10] o.s.security.web.FilterChainProxy        : Securing GET /api/user/67beb4e228ae2425ecafebb2
2025-03-04T13:34:12.959+05:30 DEBUG 22668 --- [storyApp] [http-nio-8080-exec-1] o.s.security.web.FilterChainProxy        : Securing GET /api/story/published/all
2025-03-04T13:34:12.977+05:30 DEBUG 22668 --- [storyApp] [http-nio-8080-exec-10] o.s.security.web.FilterChainProxy        : Secured GET /api/user/67beb4e228ae2425ecafebb2
2025-03-04T13:34:12.977+05:30 DEBUG 22668 --- [storyApp] [http-nio-8080-exec-1] o.s.security.web.FilterChainProxy        : Secured GET /api/story/published/all
2025-03-04T13:34:12.978+05:30 DEBUG 22668 --- [storyApp] [http-nio-8080-exec-1] horizationManagerBeforeMethodInterceptor : Authorizing method invocation ReflectiveMethodInvocation: public java.util.List com.trustrace.storyApp.controller.StoryController.getAllPublishedStories(); target is of class [com.trustrace.storyApp.controller.StoryController]
2025-03-04T13:34:12.978+05:30 DEBUG 22668 --- [storyApp] [http-nio-8080-exec-10] horizationManagerBeforeMethodInterceptor : Authorizing method invocation ReflectiveMethodInvocation: public org.springframework.http.ResponseEntity com.trustrace.storyApp.controller.UserController.getUserById(java.lang.String); target is of class [com.trustrace.storyApp.controller.UserController]
2025-03-04T13:34:12.978+05:30 DEBUG 22668 --- [storyApp] [http-nio-8080-exec-1] horizationManagerBeforeMethodInterceptor : Authorized method invocation ReflectiveMethodInvocation: public java.util.List com.trustrace.storyApp.controller.StoryController.getAllPublishedStories(); target is of class [com.trustrace.storyApp.controller.StoryController]
2025-03-04T13:34:12.979+05:30 DEBUG 22668 --- [storyApp] [http-nio-8080-exec-10] horizationManagerBeforeMethodInterceptor : Authorized method invocation ReflectiveMethodInvocation: public org.springframework.http.ResponseEntity com.trustrace.storyApp.controller.UserController.getUserById(java.lang.String); target is of class [com.trustrace.storyApp.controller.UserController]
2025-03-04T13:34:12.979+05:30  INFO 22668 --- [storyApp] [http-nio-8080-exec-10] c.t.storyApp.controller.UserController   : Fetching user details with ID : 67beb4e228ae2425ecafebb2  
2025-03-04T13:34:13.014+05:30 DEBUG 22668 --- [storyApp] [http-nio-8080-exec-2] o.s.security.web.FilterChainProxy        : Securing OPTIONS /api/admin/subscription/amount
2025-03-04T13:34:13.021+05:30 DEBUG 22668 --- [storyApp] [http-nio-8080-exec-3] o.s.security.web.FilterChainProxy        : Securing GET /api/admin/subscription/amount
2025-03-04T13:34:13.031+05:30 DEBUG 22668 --- [storyApp] [http-nio-8080-exec-3] o.s.security.web.FilterChainProxy        : Secured GET /api/admin/subscription/amount
2025-03-04T14:19:37.934+05:30  INFO 22668 --- [storyApp] [SpringApplicationShutdownHook] o.s.b.w.e.tomcat.GracefulShutdown        : Commencing graceful shutdown. Waiting for active requests to complete
2025-03-04T14:19:37.959+05:30  INFO 22668 --- [storyApp] [tomcat-shutdown] o.s.b.w.e.tomcat.GracefulShutdown        : Graceful shutdown complete
2025-03-04T14:20:28.310+05:30  INFO 19836 --- [storyApp] [main] c.t.storyApp.StoryAppApplication         : Starting StoryAppApplication using Java 23 with PID 19836 (C:\Users\ShobigaChinnasamy\Downloads\storyApp\storyApp\target\classes started by ShobigaChinnasamy in C:\Users\ShobigaChinnasamy\Downloads\storyApp\storyApp)
2025-03-04T14:20:28.312+05:30  INFO 19836 --- [storyApp] [main] c.t.storyApp.StoryAppApplication         : No active profile set, falling back to 1 default profile: "default"
2025-03-04T14:20:29.810+05:30  INFO 19836 --- [storyApp] [main] .s.d.r.c.RepositoryConfigurationDelegate : Bootstrapping Spring Data MongoDB repositories in DEFAULT mode.
2025-03-04T14:20:29.903+05:30  INFO 19836 --- [storyApp] [main] .s.d.r.c.RepositoryConfigurationDelegate : Finished Spring Data repository scanning in 87 ms. Found 8 MongoDB repository interfaces.
2025-03-04T14:20:30.604+05:30  INFO 19836 --- [storyApp] [main] o.s.b.w.embedded.tomcat.TomcatWebServer  : Tomcat initialized with port 8080 (http)
2025-03-04T14:20:30.621+05:30  INFO 19836 --- [storyApp] [main] o.apache.catalina.core.StandardService   : Starting service [Tomcat]
2025-03-04T14:20:30.621+05:30  INFO 19836 --- [storyApp] [main] o.apache.catalina.core.StandardEngine    : Starting Servlet engine: [Apache Tomcat/10.1.36]
2025-03-04T14:20:30.697+05:30  INFO 19836 --- [storyApp] [main] o.a.c.c.C.[Tomcat].[localhost].[/]       : Initializing Spring embedded WebApplicationContext
2025-03-04T14:20:30.698+05:30  INFO 19836 --- [storyApp] [main] w.s.c.ServletWebServerApplicationContext : Root WebApplicationContext: initialization completed in 2327 ms
2025-03-04T14:20:30.922+05:30  INFO 19836 --- [storyApp] [main] org.mongodb.driver.client                : MongoClient with metadata {"driver": {"name": "mongo-java-driver|sync|spring-boot", "version": "5.2.1"}, "os": {"type": "Windows", "name": "Windows 11", "architecture": "amd64", "version": "10.0"}, "platform": "Java/Oracle Corporation/23+37-2369"} created with settings MongoClientSettings{readPreference=primary, writeConcern=WriteConcern{w=null, wTimeout=null ms, journal=null}, retryWrites=true, retryReads=true, readConcern=ReadConcern{level=null}, credential=null, transportSettings=null, commandListeners=[], codecRegistry=ProvidersCodecRegistry{codecProviders=[ValueCodecProvider{}, BsonValueCodecProvider{}, DBRefCodecProvider{}, DBObjectCodecProvider{}, DocumentCodecProvider{}, CollectionCodecProvider{}, IterableCodecProvider{}, MapCodecProvider{}, GeoJsonCodecProvider{}, GridFSFileCodecProvider{}, Jsr310CodecProvider{}, JsonObjectCodecProvider{}, BsonCodecProvider{}, EnumCodecProvider{}, com.mongodb.client.model.mql.ExpressionCodecProvider@629a9f26, com.mongodb.Jep395RecordCodecProvider@b791a81, com.mongodb.KotlinCodecProvider@4391a2d8]}, loggerSettings=LoggerSettings{maxDocumentLength=1000}, clusterSettings={hosts=[localhost:27017], srvServiceName=mongodb, mode=SINGLE, requiredClusterType=UNKNOWN, requiredReplicaSetName='null', serverSelector='null', clusterListeners='[]', serverSelectionTimeout='30000 ms', localThreshold='15 ms'}, socketSettings=SocketSettings{connectTimeoutMS=10000, readTimeoutMS=0, receiveBufferSize=0, proxySettings=ProxySettings{host=null, port=null, username=null, password=null}}, heartbeatSocketSettings=SocketSettings{connectTimeoutMS=10000, readTimeoutMS=10000, receiveBufferSize=0, proxySettings=ProxySettings{host=null, port=null, username=null, password=null}}, connectionPoolSettings=ConnectionPoolSettings{maxSize=100, minSize=0, maxWaitTimeMS=120000, maxConnectionLifeTimeMS=0, maxConnectionIdleTimeMS=0, maintenanceInitialDelayMS=0, maintenanceFrequencyMS=60000, connectionPoolListeners=[], maxConnecting=2}, serverSettings=ServerSettings{heartbeatFrequencyMS=10000, minHeartbeatFrequencyMS=500, serverMonitoringMode=AUTO, serverListeners='[]', serverMonitorListeners='[]'}, sslSettings=SslSettings{enabled=false, invalidHostNameAllowed=false, context=null}, applicationName='null', compressorList=[], uuidRepresentation=JAVA_LEGACY, serverApi=null, autoEncryptionSettings=null, dnsClient=null, inetAddressResolver=null, contextProvider=null, timeoutMS=null}
2025-03-04T14:20:30.949+05:30  INFO 19836 --- [storyApp] [cluster-ClusterId{value='67c6bed63e50ad582dd0dc4d', description='null'}-localhost:27017] org.mongodb.driver.cluster               : Monitor thread successfully connected to server with description ServerDescription{address=localhost:27017, type=STANDALONE, cryptd=false, state=CONNECTED, ok=true, minWireVersion=0, maxWireVersion=21, maxDocumentSize=16777216, logicalSessionTimeoutMinutes=30, roundTripTimeNanos=27739000, minRoundTripTimeNanos=0}
2025-03-04T14:20:31.706+05:30  INFO 19836 --- [storyApp] [main] eAuthenticationProviderManagerConfigurer : Global AuthenticationManager configured with AuthenticationProvider bean with name authenticationProvider
2025-03-04T14:20:31.707+05:30  WARN 19836 --- [storyApp] [main] r$InitializeUserDetailsManagerConfigurer : Global AuthenticationManager configured with an AuthenticationProvider bean. UserDetailsService beans will not be used by Spring Security for automatically configuring username/password login. Consider removing the AuthenticationProvider bean. Alternatively, consider using the UserDetailsService in a manually instantiated DaoAuthenticationProvider. If the current configuration is intentional, to turn off this warning, increase the logging level of 'org.springframework.security.config.annotation.authentication.configuration.InitializeUserDetailsBeanManagerConfigurer' to ERROR
2025-03-04T14:20:32.362+05:30 DEBUG 19836 --- [storyApp] [main] o.s.s.web.DefaultSecurityFilterChain     : Will secure any request with filters: DisableEncodeUrlFilter, WebAsyncManagerIntegrationFilter, SecurityContextHolderFilter, HeaderWriterFilter, CorsFilter, CorsFilter, LogoutFilter, AuthTokenFilter, RequestCacheAwareFilter, SecurityContextHolderAwareRequestFilter, AnonymousAuthenticationFilter, SessionManagementFilter, ExceptionTranslationFilter, AuthorizationFilter
2025-03-04T14:20:32.660+05:30  INFO 19836 --- [storyApp] [main] o.s.b.w.embedded.tomcat.TomcatWebServer  : Tomcat started on port 8080 (http) with context path '/'
2025-03-04T14:20:32.671+05:30  INFO 19836 --- [storyApp] [main] c.t.storyApp.StoryAppApplication         : Started StoryAppApplication in 4.89 seconds (process running for 5.967)
2025-03-04T14:26:20.057+05:30  INFO 19836 --- [storyApp] [SpringApplicationShutdownHook] o.s.b.w.e.tomcat.GracefulShutdown        : Commencing graceful shutdown. Waiting for active requests to complete
2025-03-04T14:26:20.079+05:30  INFO 19836 --- [storyApp] [tomcat-shutdown] o.s.b.w.e.tomcat.GracefulShutdown        : Graceful shutdown complete
